Running: /opt/Xilinx/14.7/ISE_DS/ISE/bin/lin64/unwrapped/fuse -relaunch -intstyle "ise" -incremental -lib "unisims_ver" -lib "unimacro_ver" -lib "xilinxcorelib_ver" -lib "secureip" -o "/home/ise/88-ISE_share/spi-simulator/tb_sdram_isim_beh.exe" -prj "/home/ise/88-ISE_share/spi-simulator/tb_sdram_beh.prj" "work.tb_sdram" "work.glbl" 
ISim P.20131013 (signature 0xfbc00daa)
Number of CPUs detected in this system: 1
Turning on mult-threading, number of parallel sub-compilation jobs: 0 
Determining compilation order of HDL files
Analyzing Verilog file "/home/ise/88-ISE_share/spi-simulator/ipcore_dir/sdram_pll.v" into library work
Analyzing Verilog file "/home/ise/88-ISE_share/spi-simulator/ipcore_dir/wrfifo.v" into library work
Analyzing Verilog file "/home/ise/88-ISE_share/spi-simulator/ipcore_dir/rdfifo.v" into library work
Analyzing Verilog file "/home/ise/88-ISE_share/spi-simulator/design_rtl/sdram_controllor/sdram_ip/sdram_wr_data.v" into library work
WARNING:HDLCompiler:1142 - "/home/ise/88-ISE_share/spi-simulator/design_rtl/sdram_controllor/sdram_ip/sdram_wr_data.v" Line 1: Compiler directive `timescale is not allowed here
Analyzing Verilog file "/home/ise/88-ISE_share/spi-simulator/design_rtl/sdram_controllor/sdram_ip/sdram_ctrl.v" into library work
WARNING:HDLCompiler:1142 - "/home/ise/88-ISE_share/spi-simulator/design_rtl/sdram_controllor/sdram_ip/sdram_ctrl.v" Line 1: Compiler directive `timescale is not allowed here
Analyzing Verilog file "/home/ise/88-ISE_share/spi-simulator/design_rtl/sdram_controllor/sdram_ip/sdram_cmd.v" into library work
WARNING:HDLCompiler:1142 - "/home/ise/88-ISE_share/spi-simulator/design_rtl/sdram_controllor/sdram_ip/sdram_cmd.v" Line 1: Compiler directive `timescale is not allowed here
Analyzing Verilog file "/home/ise/88-ISE_share/spi-simulator/design_rtl/sdram_controllor/sdram_ip/sdram_top.v" into library work
Analyzing Verilog file "/home/ise/88-ISE_share/spi-simulator/design_rtl/sdram_controllor/sdram_ip/dcfifo_ctrl.v" into library work
Analyzing Verilog file "/home/ise/88-ISE_share/spi-simulator/design_rtl/sdram_controllor/system_ctrl.v" into library work
Analyzing Verilog file "/home/ise/88-ISE_share/spi-simulator/design_rtl/sdram_controllor/sdram_ip/sdram_2fifo_top.v" into library work
WARNING:HDLCompiler:751 - "/home/ise/88-ISE_share/spi-simulator/design_rtl/sdram_controllor/sdram_ip/sdram_2fifo_top.v" Line 68: Redeclaration of ansi port sdram_wr_req is not allowed
WARNING:HDLCompiler:751 - "/home/ise/88-ISE_share/spi-simulator/design_rtl/sdram_controllor/sdram_ip/sdram_2fifo_top.v" Line 70: Redeclaration of ansi port sdram_rd_req is not allowed
Analyzing Verilog file "/home/ise/88-ISE_share/spi-simulator/design_rtl/sim_model/sdram_model/mt48lc16m16a2.v" into library work
Analyzing Verilog file "/home/ise/88-ISE_share/spi-simulator/design_rtl/sdram_controllor/sdram_test.v" into library work
Analyzing Verilog file "/home/ise/88-ISE_share/spi-simulator/design_rtl/tb_sdram.v" into library work
Analyzing Verilog file "/opt/Xilinx/14.7/ISE_DS/ISE//verilog/src/glbl.v" into library work
Starting static elaboration
WARNING:HDLCompiler:1016 - "/home/ise/88-ISE_share/spi-simulator/design_rtl/sdram_controllor/sdram_test.v" Line 107: Port sdram_wr_req is not connected to this instance
Completed static elaboration
Fuse Memory Usage: 100060 KB
Fuse CPU Usage: 1160 ms
Compiling module IBUFG
Compiling module PLL_ADV(BANDWIDTH="OPTIMIZED",CL...
Compiling module PLL_BASE(CLKFBOUT_MULT=8,CLKIN_P...
Compiling module BUFG
Compiling module sdram_pll
Compiling module system_ctrl
Compiling module sdram_ctrl
Compiling module sdram_cmd
Compiling module sdram_wr_data
Compiling module sdram_top
Compiling module fifo_generator_v9_3_sync_stage(C...
Compiling module fifo_generator_v9_3_bhv_ver_as(C...
Compiling module FIFO_GENERATOR_V9_3_CONV_VER(C_C...
Compiling module FIFO_GENERATOR_V9_3(C_DATA_COUNT...
Compiling module wrfifo
Compiling module rdfifo
Compiling module dcfifo_ctrl
Compiling module sdram_2fifo_top
Compiling module sdram_test
Compiling module mt48lc16m16a2
Compiling module tb_sdram
Compiling module glbl
Time Resolution for simulation is 1ps.
Compiled 22 Verilog Units
Built simulation executable /home/ise/88-ISE_share/spi-simulator/tb_sdram_isim_beh.exe
Fuse Memory Usage: 116076 KB
Fuse CPU Usage: 1480 ms
GCC CPU Usage: 370 ms
