Release 14.7 Map P.20131013 (lin64)
Xilinx Mapping Report File for Design 'fpga_qspi_simulator_top'

Design Information
------------------
Command Line   : map -intstyle ise -p xc6slx16-ftg256-3 -w -logic_opt off -ol
high -t 1 -xt 0 -register_duplication off -r 4 -global_opt off -mt off -ir off
-pr off -lc off -power off -o fpga_qspi_simulator_top_map.ncd
fpga_qspi_simulator_top.ngd fpga_qspi_simulator_top.pcf 
Target Device  : xc6slx16
Target Package : ftg256
Target Speed   : -3
Mapper Version : spartan6 -- $Revision: 1.55 $
Mapped Date    : Wed Aug 24 00:29:01 2022

Design Summary
--------------
Number of errors:      0
Number of warnings:   13
Slice Logic Utilization:
  Number of Slice Registers:                 1,018 out of  18,224    5%
    Number used as Flip Flops:               1,014
    Number used as Latches:                      4
    Number used as Latch-thrus:                  0
    Number used as AND/OR logics:                0
  Number of Slice LUTs:                        889 out of   9,112    9%
    Number used as logic:                      593 out of   9,112    6%
      Number using O6 output only:             291
      Number using O5 output only:             119
      Number using O5 and O6:                  183
      Number used as ROM:                        0
    Number used as Memory:                     170 out of   2,176    7%
      Number used as Dual Port RAM:             36
        Number using O6 output only:             0
        Number using O5 output only:             0
        Number using O5 and O6:                 36
      Number used as Single Port RAM:            0
      Number used as Shift Register:           134
        Number using O6 output only:           133
        Number using O5 output only:             0
        Number using O5 and O6:                  1
    Number used exclusively as route-thrus:    126
      Number with same-slice register load:    115
      Number with same-slice carry load:        11
      Number with other load:                    0

Slice Logic Distribution:
  Number of occupied Slices:                   428 out of   2,278   18%
  Number of MUXCYs used:                       284 out of   4,556    6%
  Number of LUT Flip Flop pairs used:        1,191
    Number with an unused Flip Flop:           367 out of   1,191   30%
    Number with an unused LUT:                 302 out of   1,191   25%
    Number of fully used LUT-FF pairs:         522 out of   1,191   43%
    Number of unique control sets:              85
    Number of slice register sites lost
      to control set restrictions:             399 out of  18,224    2%

  A LUT Flip Flop pair for this architecture represents one LUT paired with
  one Flip Flop within a slice.  A control set is a unique combination of
  clock, reset, set, and enable signals for a registered element.
  The Slice Logic Distribution report is not meaningful if the design is
  over-mapped for a non-slice resource or if Placement fails.

IO Utilization:
  Number of bonded IOBs:                        69 out of     186   37%
    Number of LOCed IOBs:                       69 out of      69  100%

Specific Feature Utilization:
  Number of RAMB16BWERs:                        18 out of      32   56%
  Number of RAMB8BWERs:                          1 out of      64    1%
  Number of BUFIO2/BUFIO2_2CLKs:                 0 out of      32    0%
  Number of BUFIO2FB/BUFIO2FB_2CLKs:             0 out of      32    0%
  Number of BUFG/BUFGMUXs:                       6 out of      16   37%
    Number used as BUFGs:                        6
    Number used as BUFGMUX:                      0
  Number of DCM/DCM_CLKGENs:                     0 out of       4    0%
  Number of ILOGIC2/ISERDES2s:                   0 out of     248    0%
  Number of IODELAY2/IODRP2/IODRP2_MCBs:         0 out of     248    0%
  Number of OLOGIC2/OSERDES2s:                   0 out of     248    0%
  Number of BSCANs:                              1 out of       4   25%
  Number of BUFHs:                               0 out of     128    0%
  Number of BUFPLLs:                             0 out of       8    0%
  Number of BUFPLL_MCBs:                         0 out of       4    0%
  Number of DSP48A1s:                            0 out of      32    0%
  Number of ICAPs:                               0 out of       1    0%
  Number of MCBs:                                0 out of       2    0%
  Number of PCILOGICSEs:                         0 out of       2    0%
  Number of PLL_ADVs:                            1 out of       2   50%
  Number of PMVs:                                0 out of       1    0%
  Number of STARTUPs:                            0 out of       1    0%
  Number of SUSPEND_SYNCs:                       0 out of       1    0%

Average Fanout of Non-Clock Nets:                3.31

Peak Memory Usage:  793 MB
Total REAL time to MAP completion:  18 secs 
Total CPU time to MAP completion:   18 secs 

Table of Contents
-----------------
Section 1 - Errors
Section 2 - Warnings
Section 3 - Informational
Section 4 - Removed Logic Summary
Section 5 - Removed Logic
Section 6 - IOB Properties
Section 7 - RPMs
Section 8 - Guide Report
Section 9 - Area Group and Partition Summary
Section 10 - Timing Report
Section 11 - Configuration String Information
Section 12 - Control Set Information
Section 13 - Utilization by Hierarchy

Section 1 - Errors
------------------

Section 2 - Warnings
--------------------
WARNING:Place:1206 - This design contains a global buffer instance,
   <clk_sdram_inst_clkout1_buf>, driving the net, <sdram_clk_OBUF>, that is
   driving the following (first 30) non-clock load pins off chip.
   < PIN: sdram_clk.O; >
   This design practice, in Spartan-6, can lead to an unroutable situation due
   to limitations in the global routing. If the design does route there may be
   excessive delay or skew on this net. It is recommended to use a Clock
   Forwarding technique to create a reliable and repeatable low skew solution:
   instantiate an ODDR2 component; tie the .D0 pin to Logic1; tie the .D1 pin to
   Logic0; tie the clock net to be forwarded to .C0; tie the inverted clock to
   .C1. This is normally an ERROR but the CLOCK_DEDICATED_ROUTE constraint was
   applied on COMP.PIN <clk_sdram_inst_clkout1_buf.O> allowing your design to
   continue. This constraint disables all clock placer rules related to the
   specified COMP.PIN.
WARNING:Place:1137 - This design is not guaranteed to be routable! This design
   contains a global buffer instance, <clk_sdram_inst_clkout1_buf>, driving the
   net, <sdram_clk_OBUF>, that is driving the following (first 30) non-clock
   load pins.
   < PIN: sdram_clk.O; >
   This is not a recommended design practice in Spartan-6 due to limitations in
   the global routing that may cause excessive delay, skew or unroutable
   situations.  It is recommended to only use a BUFG resource to drive clock
   loads. Please pay extra attention to the timing and routing of this path to
   ensure the design goals are met. This is normally an ERROR but the
   CLOCK_DEDICATED_ROUTE constraint was applied on COMP.PIN
   <clk_sdram_inst_clkout1_buf.O> allowing your design to continue. This
   constraint disables all clock placer rules related to the specified COMP.PIN.
WARNING:Place:1109 - A clock IOB / BUFGMUX clock component pair have been found
   that are not placed at an optimal clock IOB / BUFGMUX site pair. The clock
   IOB component <qspi_clk> is placed at site <M15>. The corresponding BUFG
   component <qspi_clk_IBUF_BUFG> is placed at site <BUFGMUX_X3Y8>. There is
   only a select set of IOBs that can use the fast path to the Clocker buffer,
   and they are not being used. You may want to analyze why this problem exists
   and correct it. This is normally an ERROR but the CLOCK_DEDICATED_ROUTE
   constraint was applied on COMP.PIN <qspi_clk.PAD> allowing your design to
   continue. This constraint disables all clock placer rules related to the
   specified COMP.PIN. The use of this override is highly discouraged as it may
   lead to very poor timing results. It is recommended that this error condition
   be corrected in the design.
WARNING:Place:1109 - A clock IOB / BUFGMUX clock component pair have been found
   that are not placed at an optimal clock IOB / BUFGMUX site pair. The clock
   IOB component <usb_clk> is placed at site <G12>. The corresponding BUFG
   component <usb_clk_BUFGP/BUFG> is placed at site <BUFGMUX_X2Y9>. There is
   only a select set of IOBs that can use the fast path to the Clocker buffer,
   and they are not being used. You may want to analyze why this problem exists
   and correct it. This is normally an ERROR but the CLOCK_DEDICATED_ROUTE
   constraint was applied on COMP.PIN <usb_clk.PAD> allowing your design to
   continue. This constraint disables all clock placer rules related to the
   specified COMP.PIN. The use of this override is highly discouraged as it may
   lead to very poor timing results. It is recommended that this error condition
   be corrected in the design.
WARNING:PhysDesignRules:372 - Gated clock. Clock net
   qspi_simulator_inst_qspi2sdram_inst_qspi_rd_ram_inst_preidx_end_byte_end_OR_4
   8_o is sourced by a combinatorial pin. This is not good design practice. Use
   the CE pin to control the loading of data into the flip-flop.
WARNING:PhysDesignRules:372 - Gated clock. Clock net
   qspi_simulator_inst_qspi2sdram_inst_qspi_rd_ram_inst_CONTROL<13> is sourced
   by a combinatorial pin. This is not good design practice. Use the CE pin to
   control the loading of data into the flip-flop.
WARNING:PhysDesignRules:367 - The signal
   <qspi_simulator_inst_sdram_ctrl_inst_sdram_data_inst_Mram_temp_rdata2_RAMD_D1
   _O> is incomplete. The signal does not drive any load pins in the design.
WARNING:PhysDesignRules:367 - The signal
   <qspi_simulator_inst_qspi2sdram_inst_ram_rd_sdram_inst_ram_inst_Mram_rammem2_
   RAMD_D1_O> is incomplete. The signal does not drive any load pins in the
   design.
WARNING:PhysDesignRules:367 - The signal
   <qspi_simulator_inst_sdram_ctrl_inst_sdram_data_inst_Mram_temp_rdata1_RAMD_D1
   _O> is incomplete. The signal does not drive any load pins in the design.
WARNING:PhysDesignRules:367 - The signal
   <qspi_simulator_inst_sdram_ctrl_inst_sdram_data_inst_Mram_temp_wdata2_RAMD_D1
   _O> is incomplete. The signal does not drive any load pins in the design.
WARNING:PhysDesignRules:367 - The signal
   <qspi_simulator_inst_sdram_ctrl_inst_sdram_data_inst_Mram_temp_wdata1_RAMD_D1
   _O> is incomplete. The signal does not drive any load pins in the design.
WARNING:PhysDesignRules:367 - The signal
   <qspi_simulator_inst_qspi2sdram_inst_ram_rd_sdram_inst_ram_inst_Mram_rammem1_
   RAMD_D1_O> is incomplete. The signal does not drive any load pins in the
   design.
WARNING:PhysDesignRules:2410 - This design is using one or more 9K Block RAMs
   (RAMB8BWER).  9K Block RAM initialization data, both user defined and
   default, may be incorrect and should not be used.  For more information,
   please reference Xilinx Answer Record 39999.

Section 3 - Informational
-------------------------
INFO:LIT:243 - Logical network
   qspi_simulator_inst_qspi2sdram_inst_qspi_rd_ram_inst_CONTROL<7> has no load.
INFO:LIT:395 - The above info message is repeated 37 more times for the
   following (max. 5 shown):
   qspi_simulator_inst_qspi2sdram_inst_qspi_rd_ram_inst_CONTROL<10>,
   qspi_simulator_inst_qspi2sdram_inst_qspi_rd_ram_inst_CONTROL<11>,
   qspi_simulator_inst_qspi2sdram_inst_qspi_rd_ram_inst_CONTROL<15>,
   qspi_simulator_inst_qspi2sdram_inst_qspi_rd_ram_inst_CONTROL<16>,
   qspi_simulator_inst_qspi2sdram_inst_qspi_rd_ram_inst_CONTROL<17>
   To see the details of these info messages, please use the -detail switch.
INFO:MapLib:562 - No environment variables are currently set.
INFO:LIT:244 - All of the single ended outputs in this design are using slew
   rate limited output drivers. The delay on speed critical single ended outputs
   can be dramatically reduced by designating them as fast outputs.
INFO:Pack:1716 - Initializing temperature to 85.000 Celsius. (default - Range:
   0.000 to 85.000 Celsius)
INFO:Pack:1720 - Initializing voltage to 1.140 Volts. (default - Range: 1.140 to
   1.260 Volts)
INFO:Map:215 - The Interim Design Summary has been generated in the MAP Report
   (.mrp).
INFO:Pack:1650 - Map created a placed design.

Section 4 - Removed Logic Summary
---------------------------------
  48 block(s) removed
  75 block(s) optimized away
  32 signal(s) removed

Section 5 - Removed Logic
-------------------------

The trimmed logic report below shows the logic removed from your design due to
sourceless or loadless signals, and VCC or ground connections.  If the removal
of a signal or symbol results in the subsequent removal of an additional signal
or symbol, the message explaining that second removal will be indented.  This
indentation will be repeated as a chain of related logic is removed.

To quickly locate the original cause for the removal of a chain of logic, look
above the place where that logic is listed in the trimming report, then locate
the lines that are least indented (begin at the leftmost edge).

Loadless block
"qspi_simulator_inst_qspi2sdram_inst_qspi_rd_ram_inst_db_ila_inst/U0/I_NO_D.U_IL
A/U_STAT/U_DSR" (ROM) removed.
Loadless block
"qspi_simulator_inst_qspi2sdram_inst_qspi_rd_ram_inst_db_ila_inst/U0/I_NO_D.U_IL
A/U_TRIG/U_TC/I_STORAGE_QUAL.U_CAP_B" (ROM) removed.
Loadless block
"qspi_simulator_inst_qspi2sdram_inst_qspi_rd_ram_inst_icon_inst/U0/U_ICON/U_CMD/
U_CORE_ID_SEL/I4.FI[10].U_LUT" (ROM) removed.
Loadless block
"qspi_simulator_inst_qspi2sdram_inst_qspi_rd_ram_inst_icon_inst/U0/U_ICON/U_CMD/
U_CORE_ID_SEL/I4.FI[11].U_LUT" (ROM) removed.
Loadless block
"qspi_simulator_inst_qspi2sdram_inst_qspi_rd_ram_inst_icon_inst/U0/U_ICON/U_CMD/
U_CORE_ID_SEL/I4.FI[12].U_LUT" (ROM) removed.
Loadless block
"qspi_simulator_inst_qspi2sdram_inst_qspi_rd_ram_inst_icon_inst/U0/U_ICON/U_CMD/
U_CORE_ID_SEL/I4.FI[13].U_LUT" (ROM) removed.
Loadless block
"qspi_simulator_inst_qspi2sdram_inst_qspi_rd_ram_inst_icon_inst/U0/U_ICON/U_CMD/
U_CORE_ID_SEL/I4.FI[14].U_LUT" (ROM) removed.
Loadless block
"qspi_simulator_inst_qspi2sdram_inst_qspi_rd_ram_inst_icon_inst/U0/U_ICON/U_CMD/
U_CORE_ID_SEL/I4.FI[1].U_LUT" (ROM) removed.
Loadless block
"qspi_simulator_inst_qspi2sdram_inst_qspi_rd_ram_inst_icon_inst/U0/U_ICON/U_CMD/
U_CORE_ID_SEL/I4.FI[2].U_LUT" (ROM) removed.
Loadless block
"qspi_simulator_inst_qspi2sdram_inst_qspi_rd_ram_inst_icon_inst/U0/U_ICON/U_CMD/
U_CORE_ID_SEL/I4.FI[3].U_LUT" (ROM) removed.
Loadless block
"qspi_simulator_inst_qspi2sdram_inst_qspi_rd_ram_inst_icon_inst/U0/U_ICON/U_CMD/
U_CORE_ID_SEL/I4.FI[4].U_LUT" (ROM) removed.
Loadless block
"qspi_simulator_inst_qspi2sdram_inst_qspi_rd_ram_inst_icon_inst/U0/U_ICON/U_CMD/
U_CORE_ID_SEL/I4.FI[5].U_LUT" (ROM) removed.
Loadless block
"qspi_simulator_inst_qspi2sdram_inst_qspi_rd_ram_inst_icon_inst/U0/U_ICON/U_CMD/
U_CORE_ID_SEL/I4.FI[6].U_LUT" (ROM) removed.
Loadless block
"qspi_simulator_inst_qspi2sdram_inst_qspi_rd_ram_inst_icon_inst/U0/U_ICON/U_CMD/
U_CORE_ID_SEL/I4.FI[7].U_LUT" (ROM) removed.
Loadless block
"qspi_simulator_inst_qspi2sdram_inst_qspi_rd_ram_inst_icon_inst/U0/U_ICON/U_CMD/
U_CORE_ID_SEL/I4.FI[8].U_LUT" (ROM) removed.
Loadless block
"qspi_simulator_inst_qspi2sdram_inst_qspi_rd_ram_inst_icon_inst/U0/U_ICON/U_CMD/
U_CORE_ID_SEL/I4.FI[9].U_LUT" (ROM) removed.
The signal "qspi_simulator_inst_qspi2sdram_inst_qspi_rd_ram_inst_CONTROL<7>" is
sourceless and has been removed.
The signal "qspi_simulator_inst_qspi2sdram_inst_qspi_rd_ram_inst_CONTROL<10>" is
sourceless and has been removed.
The signal "qspi_simulator_inst_qspi2sdram_inst_qspi_rd_ram_inst_CONTROL<11>" is
sourceless and has been removed.
The signal "qspi_simulator_inst_qspi2sdram_inst_qspi_rd_ram_inst_CONTROL<15>" is
sourceless and has been removed.
The signal "qspi_simulator_inst_qspi2sdram_inst_qspi_rd_ram_inst_CONTROL<16>" is
sourceless and has been removed.
The signal "qspi_simulator_inst_qspi2sdram_inst_qspi_rd_ram_inst_CONTROL<17>" is
sourceless and has been removed.
The signal "qspi_simulator_inst_qspi2sdram_inst_qspi_rd_ram_inst_CONTROL<18>" is
sourceless and has been removed.
The signal "qspi_simulator_inst_qspi2sdram_inst_qspi_rd_ram_inst_CONTROL<19>" is
sourceless and has been removed.
The signal "qspi_simulator_inst_qspi2sdram_inst_qspi_rd_ram_inst_CONTROL<21>" is
sourceless and has been removed.
The signal "qspi_simulator_inst_qspi2sdram_inst_qspi_rd_ram_inst_CONTROL<22>" is
sourceless and has been removed.
The signal "qspi_simulator_inst_qspi2sdram_inst_qspi_rd_ram_inst_CONTROL<23>" is
sourceless and has been removed.
The signal "qspi_simulator_inst_qspi2sdram_inst_qspi_rd_ram_inst_CONTROL<24>" is
sourceless and has been removed.
The signal "qspi_simulator_inst_qspi2sdram_inst_qspi_rd_ram_inst_CONTROL<25>" is
sourceless and has been removed.
The signal "qspi_simulator_inst_qspi2sdram_inst_qspi_rd_ram_inst_CONTROL<26>" is
sourceless and has been removed.
The signal "qspi_simulator_inst_qspi2sdram_inst_qspi_rd_ram_inst_CONTROL<27>" is
sourceless and has been removed.
The signal "qspi_simulator_inst_qspi2sdram_inst_qspi_rd_ram_inst_CONTROL<28>" is
sourceless and has been removed.
The signal "qspi_simulator_inst_qspi2sdram_inst_qspi_rd_ram_inst_CONTROL<29>" is
sourceless and has been removed.
The signal "qspi_simulator_inst_qspi2sdram_inst_qspi_rd_ram_inst_CONTROL<30>" is
sourceless and has been removed.
The signal "qspi_simulator_inst_qspi2sdram_inst_qspi_rd_ram_inst_CONTROL<31>" is
sourceless and has been removed.
The signal "qspi_simulator_inst_qspi2sdram_inst_qspi_rd_ram_inst_CONTROL<32>" is
sourceless and has been removed.
The signal "qspi_simulator_inst_qspi2sdram_inst_qspi_rd_ram_inst_CONTROL<33>" is
sourceless and has been removed.
The signal "qspi_simulator_inst_qspi2sdram_inst_qspi_rd_ram_inst_CONTROL<34>" is
sourceless and has been removed.
The signal "qspi_simulator_inst_qspi2sdram_inst_qspi_rd_ram_inst_CONTROL<35>" is
sourceless and has been removed.
The signal
"qspi_simulator_inst_cyp2sdram_inst_cy_wr_fifo_inst_wrfifo_inst/U0/xst_fifo_gene
rator/gconvfifo.rf/grf.rf/gntv_or_sync_fifo.gl0.wr/gwas.wsts/ram_full_i" is
sourceless and has been removed.
The signal
"qspi_simulator_inst_qspi2sdram_inst_qspi_rd_ram_inst_icon_inst/U0/U_ICON/iCOMMA
ND_SEL<15>" is sourceless and has been removed.
 Sourceless block
"qspi_simulator_inst_qspi2sdram_inst_qspi_rd_ram_inst_icon_inst/U0/U_ICON/U_CTRL
_OUT/F_NCP[0].F_CMD[15].U_HCE" (ROM) removed.
 Sourceless block
"qspi_simulator_inst_qspi2sdram_inst_qspi_rd_ram_inst_icon_inst/U0/U_ICON/U_CTRL
_OUT/F_NCP[0].F_CMD[15].U_LCE" (ROM) removed.
The signal
"qspi_simulator_inst_qspi2sdram_inst_qspi_rd_ram_inst_icon_inst/U0/U_ICON/iCOMMA
ND_SEL<14>" is sourceless and has been removed.
 Sourceless block
"qspi_simulator_inst_qspi2sdram_inst_qspi_rd_ram_inst_icon_inst/U0/U_ICON/U_CTRL
_OUT/F_NCP[0].F_CMD[14].U_HCE" (ROM) removed.
 Sourceless block
"qspi_simulator_inst_qspi2sdram_inst_qspi_rd_ram_inst_icon_inst/U0/U_ICON/U_CTRL
_OUT/F_NCP[0].F_CMD[14].U_LCE" (ROM) removed.
The signal
"qspi_simulator_inst_qspi2sdram_inst_qspi_rd_ram_inst_icon_inst/U0/U_ICON/iCOMMA
ND_SEL<13>" is sourceless and has been removed.
 Sourceless block
"qspi_simulator_inst_qspi2sdram_inst_qspi_rd_ram_inst_icon_inst/U0/U_ICON/U_CTRL
_OUT/F_NCP[0].F_CMD[13].U_HCE" (ROM) removed.
 Sourceless block
"qspi_simulator_inst_qspi2sdram_inst_qspi_rd_ram_inst_icon_inst/U0/U_ICON/U_CTRL
_OUT/F_NCP[0].F_CMD[13].U_LCE" (ROM) removed.
The signal
"qspi_simulator_inst_qspi2sdram_inst_qspi_rd_ram_inst_icon_inst/U0/U_ICON/iCOMMA
ND_SEL<12>" is sourceless and has been removed.
 Sourceless block
"qspi_simulator_inst_qspi2sdram_inst_qspi_rd_ram_inst_icon_inst/U0/U_ICON/U_CTRL
_OUT/F_NCP[0].F_CMD[12].U_HCE" (ROM) removed.
 Sourceless block
"qspi_simulator_inst_qspi2sdram_inst_qspi_rd_ram_inst_icon_inst/U0/U_ICON/U_CTRL
_OUT/F_NCP[0].F_CMD[12].U_LCE" (ROM) removed.
The signal
"qspi_simulator_inst_qspi2sdram_inst_qspi_rd_ram_inst_icon_inst/U0/U_ICON/iCOMMA
ND_SEL<11>" is sourceless and has been removed.
 Sourceless block
"qspi_simulator_inst_qspi2sdram_inst_qspi_rd_ram_inst_icon_inst/U0/U_ICON/U_CTRL
_OUT/F_NCP[0].F_CMD[11].U_HCE" (ROM) removed.
 Sourceless block
"qspi_simulator_inst_qspi2sdram_inst_qspi_rd_ram_inst_icon_inst/U0/U_ICON/U_CTRL
_OUT/F_NCP[0].F_CMD[11].U_LCE" (ROM) removed.
The signal
"qspi_simulator_inst_qspi2sdram_inst_qspi_rd_ram_inst_icon_inst/U0/U_ICON/iCOMMA
ND_SEL<7>" is sourceless and has been removed.
 Sourceless block
"qspi_simulator_inst_qspi2sdram_inst_qspi_rd_ram_inst_icon_inst/U0/U_ICON/U_CTRL
_OUT/F_NCP[0].F_CMD[7].U_HCE" (ROM) removed.
 Sourceless block
"qspi_simulator_inst_qspi2sdram_inst_qspi_rd_ram_inst_icon_inst/U0/U_ICON/U_CTRL
_OUT/F_NCP[0].F_CMD[7].U_LCE" (ROM) removed.
The signal
"qspi_simulator_inst_qspi2sdram_inst_qspi_rd_ram_inst_icon_inst/U0/U_ICON/iCOMMA
ND_SEL<6>" is sourceless and has been removed.
 Sourceless block
"qspi_simulator_inst_qspi2sdram_inst_qspi_rd_ram_inst_icon_inst/U0/U_ICON/U_CTRL
_OUT/F_NCP[0].F_CMD[6].U_HCE" (ROM) removed.
 Sourceless block
"qspi_simulator_inst_qspi2sdram_inst_qspi_rd_ram_inst_icon_inst/U0/U_ICON/U_CTRL
_OUT/F_NCP[0].F_CMD[6].U_LCE" (ROM) removed.
The signal
"qspi_simulator_inst_qspi2sdram_inst_qspi_rd_ram_inst_icon_inst/U0/U_ICON/iCOMMA
ND_SEL<3>" is sourceless and has been removed.
 Sourceless block
"qspi_simulator_inst_qspi2sdram_inst_qspi_rd_ram_inst_icon_inst/U0/U_ICON/U_CTRL
_OUT/F_NCP[0].F_CMD[3].U_HCE" (ROM) removed.
 Sourceless block
"qspi_simulator_inst_qspi2sdram_inst_qspi_rd_ram_inst_icon_inst/U0/U_ICON/U_CTRL
_OUT/F_NCP[0].F_CMD[3].U_LCE" (ROM) removed.
Unused block
"qspi_simulator_inst_cyp2sdram_inst_cy_wr_fifo_inst_wrfifo_inst/U0/xst_fifo_gene
rator/gconvfifo.rf/grf.rf/gntv_or_sync_fifo.gl0.wr/gwas.wsts/ram_full_i" (FF)
removed.
Unused block
"qspi_simulator_inst_qspi2sdram_inst_qspi_rd_ram_inst_icon_inst/U0/U_ICON/U_CMD/
U_COMMAND_SEL/I4.FI[11].U_LUT" (ROM) removed.
Unused block
"qspi_simulator_inst_qspi2sdram_inst_qspi_rd_ram_inst_icon_inst/U0/U_ICON/U_CMD/
U_COMMAND_SEL/I4.FI[12].U_LUT" (ROM) removed.
Unused block
"qspi_simulator_inst_qspi2sdram_inst_qspi_rd_ram_inst_icon_inst/U0/U_ICON/U_CMD/
U_COMMAND_SEL/I4.FI[13].U_LUT" (ROM) removed.
Unused block
"qspi_simulator_inst_qspi2sdram_inst_qspi_rd_ram_inst_icon_inst/U0/U_ICON/U_CMD/
U_COMMAND_SEL/I4.FI[14].U_LUT" (ROM) removed.
Unused block
"qspi_simulator_inst_qspi2sdram_inst_qspi_rd_ram_inst_icon_inst/U0/U_ICON/U_CMD/
U_COMMAND_SEL/I4.FI[15].U_LUT" (ROM) removed.
Unused block
"qspi_simulator_inst_qspi2sdram_inst_qspi_rd_ram_inst_icon_inst/U0/U_ICON/U_CMD/
U_COMMAND_SEL/I4.FI[3].U_LUT" (ROM) removed.
Unused block
"qspi_simulator_inst_qspi2sdram_inst_qspi_rd_ram_inst_icon_inst/U0/U_ICON/U_CMD/
U_COMMAND_SEL/I4.FI[6].U_LUT" (ROM) removed.
Unused block
"qspi_simulator_inst_qspi2sdram_inst_qspi_rd_ram_inst_icon_inst/U0/U_ICON/U_CMD/
U_COMMAND_SEL/I4.FI[7].U_LUT" (ROM) removed.
Unused block
"qspi_simulator_inst_qspi2sdram_inst_qspi_rd_ram_inst_icon_inst/U0/U_ICON/U_CTRL
_OUT/F_NCP[0].F_CMD[10].U_HCE" (ROM) removed.
Unused block
"qspi_simulator_inst_qspi2sdram_inst_qspi_rd_ram_inst_icon_inst/U0/U_ICON/U_CTRL
_OUT/F_NCP[0].F_CMD[1].U_HCE" (ROM) removed.
Unused block
"qspi_simulator_inst_qspi2sdram_inst_qspi_rd_ram_inst_icon_inst/U0/U_ICON/U_CTRL
_OUT/F_NCP[0].F_CMD[2].U_HCE" (ROM) removed.
Unused block
"qspi_simulator_inst_qspi2sdram_inst_qspi_rd_ram_inst_icon_inst/U0/U_ICON/U_CTRL
_OUT/F_NCP[0].F_CMD[4].U_HCE" (ROM) removed.
Unused block
"qspi_simulator_inst_qspi2sdram_inst_qspi_rd_ram_inst_icon_inst/U0/U_ICON/U_CTRL
_OUT/F_NCP[0].F_CMD[5].U_HCE" (ROM) removed.
Unused block
"qspi_simulator_inst_qspi2sdram_inst_qspi_rd_ram_inst_icon_inst/U0/U_ICON/U_CTRL
_OUT/F_NCP[0].F_CMD[8].U_HCE" (ROM) removed.
Unused block
"qspi_simulator_inst_qspi2sdram_inst_qspi_rd_ram_inst_icon_inst/U0/U_ICON/U_CTRL
_OUT/F_NCP[0].F_CMD[9].U_HCE" (ROM) removed.

Optimized Block(s):
TYPE 		BLOCK
GND 		XST_GND
VCC 		XST_VCC
GND
		qspi_simulator_inst_cyp2sdram_inst_cy_wr_fifo_inst_wrfifo_inst/U0/xst_fifo_gen
erator/gconvfifo.rf/grf.rf/gntv_or_sync_fifo.mem/gbm.gbmg.gbmga.ngecc.bmg/gnativ
ebmg.native_blk_mem_gen/valid.cstr/XST_GND
GND 		qspi_simulator_inst_cyp2sdram_inst_cy_wr_fifo_inst_wrfifo_inst/XST_GND
VCC 		qspi_simulator_inst_cyp2sdram_inst_cy_wr_fifo_inst_wrfifo_inst/XST_VCC
LUT4
		qspi_simulator_inst_qspi2sdram_inst_qspi_rd_ram_inst_db_ila_inst/U0/I_NO_D.U_I
LA/U_STAT/F_SSTAT[6].I_STAT.U_STAT
   optimized to 0
GND 		qspi_simulator_inst_qspi2sdram_inst_qspi_rd_ram_inst_db_ila_inst/XST_GND
VCC 		qspi_simulator_inst_qspi2sdram_inst_qspi_rd_ram_inst_db_ila_inst/XST_VCC
GND 		qspi_simulator_inst_qspi2sdram_inst_qspi_rd_ram_inst_icon_inst/XST_GND
VCC 		qspi_simulator_inst_qspi2sdram_inst_qspi_rd_ram_inst_icon_inst/XST_VCC

To enable printing of redundant blocks removed and signals merged, set the
detailed map report option and rerun map.

Section 6 - IOB Properties
--------------------------

+---------------------------------------------------------------------------------------------------------------------------------------------------------+
| IOB Name                           | Type             | Direction | IO Standard          | Diff  | Drive    | Slew | Reg (s)      | Resistor | IOB      |
|                                    |                  |           |                      | Term  | Strength | Rate |              |          | Delay    |
+---------------------------------------------------------------------------------------------------------------------------------------------------------+
| fpga_clk                           | IOB              | INPUT     | LVCMOS33             |       |          |      |              |          |          |
| pa0                                | IOB              | OUTPUT    | LVCMOS33             |       | 12       | SLOW |              |          |          |
| qspi_clk                           | IOB              | INPUT     | LVCMOS33             |       |          |      |              |          |          |
| qspi_di                            | IOB              | INPUT     | LVCMOS33             |       |          |      |              |          |          |
| qspi_do                            | IOB              | OUTPUT    | LVCMOS33             |       | 24       | SLOW |              |          |          |
| rst_n                              | IOB              | INPUT     | LVCMOS33             |       |          |      |              |          |          |
| sdram_addr<0>                      | IOB              | OUTPUT    | LVCMOS33             |       | 12       | SLOW |              |          |          |
| sdram_addr<1>                      | IOB              | OUTPUT    | LVCMOS33             |       | 12       | SLOW |              |          |          |
| sdram_addr<2>                      | IOB              | OUTPUT    | LVCMOS33             |       | 12       | SLOW |              |          |          |
| sdram_addr<3>                      | IOB              | OUTPUT    | LVCMOS33             |       | 12       | SLOW |              |          |          |
| sdram_addr<4>                      | IOB              | OUTPUT    | LVCMOS33             |       | 12       | SLOW |              |          |          |
| sdram_addr<5>                      | IOB              | OUTPUT    | LVCMOS33             |       | 12       | SLOW |              |          |          |
| sdram_addr<6>                      | IOB              | OUTPUT    | LVCMOS33             |       | 12       | SLOW |              |          |          |
| sdram_addr<7>                      | IOB              | OUTPUT    | LVCMOS33             |       | 12       | SLOW |              |          |          |
| sdram_addr<8>                      | IOB              | OUTPUT    | LVCMOS33             |       | 12       | SLOW |              |          |          |
| sdram_addr<9>                      | IOB              | OUTPUT    | LVCMOS33             |       | 12       | SLOW |              |          |          |
| sdram_addr<10>                     | IOB              | OUTPUT    | LVCMOS33             |       | 12       | SLOW |              |          |          |
| sdram_addr<11>                     | IOB              | OUTPUT    | LVCMOS33             |       | 12       | SLOW |              |          |          |
| sdram_addr<12>                     | IOB              | OUTPUT    | LVCMOS33             |       | 12       | SLOW |              |          |          |
| sdram_ba<0>                        | IOB              | OUTPUT    | LVCMOS33             |       | 12       | SLOW |              |          |          |
| sdram_ba<1>                        | IOB              | OUTPUT    | LVCMOS33             |       | 12       | SLOW |              |          |          |
| sdram_casn                         | IOB              | OUTPUT    | LVCMOS33             |       | 12       | SLOW |              |          |          |
| sdram_cke                          | IOB              | OUTPUT    | LVCMOS33             |       | 12       | SLOW |              |          |          |
| sdram_clk                          | IOB              | OUTPUT    | LVCMOS33             |       | 12       | SLOW |              |          |          |
| sdram_csn                          | IOB              | OUTPUT    | LVCMOS33             |       | 12       | SLOW |              |          |          |
| sdram_data<0>                      | IOB              | BIDIR     | LVCMOS33             |       | 12       | SLOW |              |          |          |
| sdram_data<1>                      | IOB              | BIDIR     | LVCMOS33             |       | 12       | SLOW |              |          |          |
| sdram_data<2>                      | IOB              | BIDIR     | LVCMOS33             |       | 12       | SLOW |              |          |          |
| sdram_data<3>                      | IOB              | BIDIR     | LVCMOS33             |       | 12       | SLOW |              |          |          |
| sdram_data<4>                      | IOB              | BIDIR     | LVCMOS33             |       | 12       | SLOW |              |          |          |
| sdram_data<5>                      | IOB              | BIDIR     | LVCMOS33             |       | 12       | SLOW |              |          |          |
| sdram_data<6>                      | IOB              | BIDIR     | LVCMOS33             |       | 12       | SLOW |              |          |          |
| sdram_data<7>                      | IOB              | BIDIR     | LVCMOS33             |       | 12       | SLOW |              |          |          |
| sdram_data<8>                      | IOB              | BIDIR     | LVCMOS33             |       | 12       | SLOW |              |          |          |
| sdram_data<9>                      | IOB              | BIDIR     | LVCMOS33             |       | 12       | SLOW |              |          |          |
| sdram_data<10>                     | IOB              | BIDIR     | LVCMOS33             |       | 12       | SLOW |              |          |          |
| sdram_data<11>                     | IOB              | BIDIR     | LVCMOS33             |       | 12       | SLOW |              |          |          |
| sdram_data<12>                     | IOB              | BIDIR     | LVCMOS33             |       | 12       | SLOW |              |          |          |
| sdram_data<13>                     | IOB              | BIDIR     | LVCMOS33             |       | 12       | SLOW |              |          |          |
| sdram_data<14>                     | IOB              | BIDIR     | LVCMOS33             |       | 12       | SLOW |              |          |          |
| sdram_data<15>                     | IOB              | BIDIR     | LVCMOS33             |       | 12       | SLOW |              |          |          |
| sdram_rasn                         | IOB              | OUTPUT    | LVCMOS33             |       | 12       | SLOW |              |          |          |
| sdram_wen                          | IOB              | OUTPUT    | LVCMOS33             |       | 12       | SLOW |              |          |          |
| usb_clk                            | IOB              | INPUT     | LVCMOS33             |       |          |      |              |          |          |
| usb_fd<0>                          | IOB              | BIDIR     | LVCMOS33             |       | 12       | SLOW |              |          |          |
| usb_fd<1>                          | IOB              | BIDIR     | LVCMOS33             |       | 12       | SLOW |              |          |          |
| usb_fd<2>                          | IOB              | BIDIR     | LVCMOS33             |       | 12       | SLOW |              |          |          |
| usb_fd<3>                          | IOB              | BIDIR     | LVCMOS33             |       | 12       | SLOW |              |          |          |
| usb_fd<4>                          | IOB              | BIDIR     | LVCMOS33             |       | 12       | SLOW |              |          |          |
| usb_fd<5>                          | IOB              | BIDIR     | LVCMOS33             |       | 12       | SLOW |              |          |          |
| usb_fd<6>                          | IOB              | BIDIR     | LVCMOS33             |       | 12       | SLOW |              |          |          |
| usb_fd<7>                          | IOB              | BIDIR     | LVCMOS33             |       | 12       | SLOW |              |          |          |
| usb_fd<8>                          | IOB              | BIDIR     | LVCMOS33             |       | 12       | SLOW |              |          |          |
| usb_fd<9>                          | IOB              | BIDIR     | LVCMOS33             |       | 12       | SLOW |              |          |          |
| usb_fd<10>                         | IOB              | BIDIR     | LVCMOS33             |       | 12       | SLOW |              |          |          |
| usb_fd<11>                         | IOB              | BIDIR     | LVCMOS33             |       | 12       | SLOW |              |          |          |
| usb_fd<12>                         | IOB              | BIDIR     | LVCMOS33             |       | 12       | SLOW |              |          |          |
| usb_fd<13>                         | IOB              | BIDIR     | LVCMOS33             |       | 12       | SLOW |              |          |          |
| usb_fd<14>                         | IOB              | BIDIR     | LVCMOS33             |       | 12       | SLOW |              |          |          |
| usb_fd<15>                         | IOB              | BIDIR     | LVCMOS33             |       | 12       | SLOW |              |          |          |
| usb_fifoaddr<0>                    | IOB              | OUTPUT    | LVCMOS33             |       | 12       | SLOW |              |          |          |
| usb_fifoaddr<1>                    | IOB              | OUTPUT    | LVCMOS33             |       | 12       | SLOW |              |          |          |
| usb_flaga                          | IOB              | INPUT     | LVCMOS33             |       |          |      |              |          |          |
| usb_flagb                          | IOB              | INPUT     | LVCMOS33             |       |          |      |              |          |          |
| usb_flagc                          | IOB              | INPUT     | LVCMOS33             |       |          |      |              |          |          |
| usb_slcs                           | IOB              | OUTPUT    | LVCMOS33             |       | 12       | SLOW |              |          |          |
| usb_sloe                           | IOB              | OUTPUT    | LVCMOS33             |       | 12       | SLOW |              |          |          |
| usb_slrd                           | IOB              | OUTPUT    | LVCMOS33             |       | 12       | SLOW |              |          |          |
| usb_slwr                           | IOB              | OUTPUT    | LVCMOS33             |       | 12       | SLOW |              |          |          |
+---------------------------------------------------------------------------------------------------------------------------------------------------------+

Section 7 - RPMs
----------------

Section 8 - Guide Report
------------------------
Guide not run on this design.

Section 9 - Area Group and Partition Summary
--------------------------------------------

Partition Implementation Status
-------------------------------

  No Partitions were found in this design.

-------------------------------

Area Group Information
----------------------

  No area groups were found in this design.

----------------------

Section 10 - Timing Report
--------------------------
A logic-level (pre-route) timing report can be generated by using Xilinx static
timing analysis tools, Timing Analyzer (GUI) or TRCE (command line), with the
mapped NCD and PCF files. Please note that this timing report will be generated
using estimated delay information. For accurate numbers, please generate a
timing report with the post Place and Route NCD file.

For more information about the Timing Analyzer, consult the Xilinx Timing
Analyzer Reference Manual; for more information about TRCE, consult the Xilinx
Command Line Tools User Guide "TRACE" chapter.

Section 11 - Configuration String Details
-----------------------------------------
Use the "-detail" map option to print out Configuration Strings

Section 12 - Control Set Information
------------------------------------
Use the "-detail" map option to print out Control Set Information.

Section 13 - Utilization by Hierarchy
-------------------------------------
Use the "-detail" map option to print out the Utilization by Hierarchy section.
