#-----------------------------------------------------------
# Vivado v2018.3 (64-bit)
# SW Build 2405991 on Thu Dec  6 23:38:27 MST 2018
# IP Build 2404404 on Fri Dec  7 01:43:56 MST 2018
# Start of session at: Wed Jun  8 13:57:55 2022
# Process ID: 22780
# Current directory: D:/00-work/16-kintex-mk7325fa/ip_vivado
# Command line: vivado.exe -gui_launcher_event rodinguilauncherevent13176 D:\00-work\16-kintex-mk7325fa\ip_vivado\ip_vivado.xpr
# Log file: D:/00-work/16-kintex-mk7325fa/ip_vivado/vivado.log
# Journal file: D:/00-work/16-kintex-mk7325fa/ip_vivado\vivado.jou
#-----------------------------------------------------------
start_gui
open_project D:/00-work/16-kintex-mk7325fa/ip_vivado/ip_vivado.xpr
Scanning sources...
Finished scanning sources
INFO: [IP_Flow 19-234] Refreshing IP repositories
INFO: [IP_Flow 19-1704] No user IP repositories specified
INFO: [IP_Flow 19-2313] Loaded Vivado IP repository 'C:/Xilinx/Vivado/2018.3/data/ip'.
open_project: Time (s): cpu = 00:00:13 ; elapsed = 00:00:06 . Memory (MB): peak = 774.039 ; gain = 143.031
update_compile_order -fileset sources_1
create_ip -name axi_pcie -vendor xilinx.com -library ip -version 2.9 -module_name axi_pcie_0 -dir d:/00-work/16-kintex-mk7325fa/ip_vivado/ip_vivado.srcs/sources_1/ip
generate_target {instantiation_template} [get_files d:/00-work/16-kintex-mk7325fa/ip_vivado/ip_vivado.srcs/sources_1/ip/axi_pcie_0/axi_pcie_0.xci]
INFO: [IP_Flow 19-1686] Generating 'Instantiation Template' target for IP 'axi_pcie_0'...
generate_target all [get_files  d:/00-work/16-kintex-mk7325fa/ip_vivado/ip_vivado.srcs/sources_1/ip/axi_pcie_0/axi_pcie_0.xci]
INFO: [IP_Flow 19-1686] Generating 'Synthesis' target for IP 'axi_pcie_0'...
INFO: [IP_Flow 19-1686] Generating 'Simulation' target for IP 'axi_pcie_0'...
INFO: [IP_Flow 19-1686] Generating 'Change Log' target for IP 'axi_pcie_0'...
catch { config_ip_cache -export [get_ips -all axi_pcie_0] }
export_ip_user_files -of_objects [get_files d:/00-work/16-kintex-mk7325fa/ip_vivado/ip_vivado.srcs/sources_1/ip/axi_pcie_0/axi_pcie_0.xci] -no_script -sync -force -quiet
create_ip_run [get_files -of_objects [get_fileset sources_1] d:/00-work/16-kintex-mk7325fa/ip_vivado/ip_vivado.srcs/sources_1/ip/axi_pcie_0/axi_pcie_0.xci]
launch_runs -jobs 8 axi_pcie_0_synth_1
[Wed Jun  8 13:59:26 2022] Launched axi_pcie_0_synth_1...
Run output will be captured here: D:/00-work/16-kintex-mk7325fa/ip_vivado/ip_vivado.runs/axi_pcie_0_synth_1/runme.log
export_simulation -of_objects [get_files d:/00-work/16-kintex-mk7325fa/ip_vivado/ip_vivado.srcs/sources_1/ip/axi_pcie_0/axi_pcie_0.xci] -directory D:/00-work/16-kintex-mk7325fa/ip_vivado/ip_vivado.ip_user_files/sim_scripts -ip_user_files_dir D:/00-work/16-kintex-mk7325fa/ip_vivado/ip_vivado.ip_user_files -ipstatic_source_dir D:/00-work/16-kintex-mk7325fa/ip_vivado/ip_vivado.ip_user_files/ipstatic -lib_map_path [list {modelsim=D:/VM_share/fpga_modelsim_lib} {questa=D:/00-work/16-kintex-mk7325fa/ip_vivado/ip_vivado.cache/compile_simlib/questa} {riviera=D:/00-work/16-kintex-mk7325fa/ip_vivado/ip_vivado.cache/compile_simlib/riviera} {activehdl=D:/00-work/16-kintex-mk7325fa/ip_vivado/ip_vivado.cache/compile_simlib/activehdl}] -use_ip_compiled_libs -force -quiet
open_example_project -force -dir D:/00-work/16-kintex-mk7325fa/pciex4_ex [get_ips  axi_pcie_0]
INFO: [IP_Flow 19-1686] Generating 'Examples' target for IP 'axi_pcie_0'...
INFO: [Common 17-41] Interrupt caught. Command should exit soon.
INFO: [IP_Flow 19-1969] Unable to cancel PID 17380 - 'Couldn't access process for termination'
open_example_project: Time (s): cpu = 00:00:05 ; elapsed = 00:01:04 . Memory (MB): peak = 914.301 ; gain = 0.000
INFO: [Common 17-344] 'open_example_project' was cancelled
open_example_project -force -dir D:/00-work/16-kintex-mk7325fa/pciex4_ex [get_ips  axi_pcie_0]
INFO: [IP_Flow 19-1686] Generating 'Examples' target for IP 'axi_pcie_0'...
open_example_project: Time (s): cpu = 00:00:09 ; elapsed = 00:05:04 . Memory (MB): peak = 932.805 ; gain = 18.504
open_hw
connect_hw_server
INFO: [Labtools 27-2285] Connecting to hw_server url TCP:localhost:3121
open_hw_target
INFO: [Labtoolstcl 44-466] Opening hw_target localhost:3121/xilinx_tcf/Digilent/210249857776
current_hw_device [get_hw_devices xc7k325t_0]
refresh_hw_device -update_hw_probes false [lindex [get_hw_devices xc7k325t_0] 0]
INFO: [Labtools 27-2302] Device xc7k325t (JTAG device index = 0) is programmed with a design that has 1 ILA core(s).
exit
INFO: [Common 17-206] Exiting Vivado at Wed Jun  8 14:40:07 2022...
